000 (1063314.000.000) 09/27 23:04:18 Job submitted from host: <129.74.152.73:9618?sock=3134_a575_4>
...
001 (1063314.000.000) 09/27 23:04:57 Job executing on host: <10.32.77.2:9967>
...
006 (1063314.000.000) 09/27 23:05:05 Image size of job updated: 58236
	43  -  MemoryUsage of job (MB)
	44008  -  ResidentSetSize of job (KB)
...
005 (1063314.000.000) 09/27 23:05:12 Job terminated.
	(1) Normal termination (return value 18)
		Usr 0 00:00:00, Sys 0 00:00:00  -  Run Remote Usage
		Usr 0 00:00:00, Sys 0 00:00:00  -  Run Local Usage
		Usr 0 00:00:00, Sys 0 00:00:00  -  Total Remote Usage
		Usr 0 00:00:00, Sys 0 00:00:00  -  Total Local Usage
	29327064  -  Run Bytes Sent By Job
	45750140  -  Run Bytes Received By Job
	29327064  -  Total Bytes Sent By Job
	45750140  -  Total Bytes Received By Job
	Partitionable Resources :    Usage  Request Allocated
	   Cpus                 :                 1         1
	   Disk (KB)            :    73332    45000   2041935
	   Memory (MB)          :       43        1         1
...
