000 (1063319.000.000) 09/27 23:08:50 Job submitted from host: <129.74.152.73:9618?sock=3134_a575_4>
...
001 (1063319.000.000) 09/27 23:09:41 Job executing on host: <10.32.77.0:9871>
...
006 (1063319.000.000) 09/27 23:09:50 Image size of job updated: 108328
	92  -  MemoryUsage of job (MB)
	94196  -  ResidentSetSize of job (KB)
...
005 (1063319.000.000) 09/27 23:09:57 Job terminated.
	(1) Normal termination (return value 17)
		Usr 0 00:00:05, Sys 0 00:00:00  -  Run Remote Usage
		Usr 0 00:00:00, Sys 0 00:00:00  -  Run Local Usage
		Usr 0 00:00:05, Sys 0 00:00:00  -  Total Remote Usage
		Usr 0 00:00:00, Sys 0 00:00:00  -  Total Local Usage
	29327064  -  Run Bytes Sent By Job
	45730924  -  Run Bytes Received By Job
	29327064  -  Total Bytes Sent By Job
	45730924  -  Total Bytes Received By Job
	Partitionable Resources :    Usage  Request Allocated
	   Cpus                 :                 1         1
	   Disk (KB)            :    73314    45000   2019064
	   Memory (MB)          :       92        1         1
...
